2024-08-02 03:16:48 [info] : [Platform Server] Clean platform output stream finished - pf_amp_uart_r5_0. 
2024-08-02 03:17:41 [info] : [Platform Server] Generate platform output stream finished - pf_amp_uart_r5_0. 
2024-08-02 03:17:53 [info] : [Platform Server] Clean platform output stream finished - pf_amp_uart_r5_1. 
2024-08-02 03:19:01 [info] : [Platform Server] Generate platform output stream finished - pf_amp_uart_r5_1. 
2024-08-02 03:19:11 [info] : [Build Server] Clean output stream finished - app_echo_uart_r5_0::. 
2024-08-02 03:19:25 [info] : [Build Server] Build output stream finished - app_echo_uart_r5_0::. 
2024-08-02 03:19:34 [info] : [Build Server] Clean output stream finished - app_echo_uart_r5_1::. 
2024-08-02 03:19:42 [info] : [Build Server] Build output stream finished - app_echo_uart_r5_1::. 
2024-08-02 03:21:27 [info] : [Build Server] Clean output stream finished - app_echo_uart_r5_0::. 
2024-08-02 03:21:32 [info] : [Build Server] Clean output stream finished - app_echo_uart_r5_1::. 
2024-08-02 03:21:36 [info] : [Platform Server] Clean platform output stream finished - pf_amp_uart_r5_0. 
2024-08-02 03:21:48 [info] : [Platform Server] Clean platform output stream finished - pf_amp_uart_r5_1. 
2024-08-02 03:57:10 [info] : [Build Server] Build output stream finished - app_echo_uart_r5_1::. 
2024-08-02 03:57:36 [info] : [Platform Server] Generate platform output stream finished - pf_amp_uart_r5_0. 
2024-08-02 03:58:00 [info] : [Platform Server] Generate platform output stream finished - pf_amp_uart_r5_1. 
2024-08-02 03:58:13 [info] : [Build Server] Clean output stream finished - app_echo_uart_r5_0::. 
2024-08-02 03:58:19 [info] : [Build Server] Build output stream finished - app_echo_uart_r5_0::. 
2024-08-02 03:59:27 [info] : [Debug Manager] Successfully verified the target connection used  Local 
2024-08-02 03:59:27 [info] : [Debug Manager] Starting launch in 'debug' mode using configuration: {"type":"tcf-debug","request":"launch","name":"app_echo_uart_r5_0_app_hw_1","debugType":"baremetal-zu","attachToRunningTargetOptions":{"targetSetupMode":"standalone","executeScript":true,"scriptPath":""},"autoAttachProcessChildren":false,"target":{"targetConnectionId":"Local","peersIniPath":"../../../.wsdata/.peers.ini","context":"ZUPlus"},"targetSetup":{"resetSystem":true,"programDevice":true,"enableRPUSplitMode":true,"resetAPU":false,"resetRPU":false,"bitstreamFile":"${workspaceFolder}/app_echo_uart_r5_0/_ide/bitstream/design_1_wrapper.bit","zuInitialization":{"isFsbl":true,"usingFSBL":{"initWithFSBL":true,"fsblFile":"${workspaceFolder}/pf_amp_uart_r5_0/export/pf_amp_uart_r5_0/sw/boot/fsbl.elf","fsblExitSymbol":"XFsbl_Exit"},"usingPsuInit":{"runPsuInit":true,"plPowerup":false,"psuInitTclFile":"${workspaceFolder}/app_echo_uart_r5_0/_ide/psinit/psu_init.tcl"}},"downloadElf":[{"core":"psu_cortexr5_0","resetProcessor":true,"elfFile":"${workspaceFolder}/app_echo_uart_r5_0/build/app_echo_uart_r5_0.elf","stopAtEntry":false}],"crossTriggerBreakpoints":{"isSelected":false,"breakpoints":[]}},"internalConsoleOptions":"openOnSessionStart","__configUri":"file:///home/kerngt/work/zynqmp/xli_v2024_1_wk/kr260_amp_uart_release/software_wk/ZynqMP-UART-AMP-KR260-Ubuntu/r5_firmware.vitis_unified_ide/app_echo_uart_r5_0/_ide/.theia/launch.json"} 
2024-08-02 03:59:28 [info] : [Debug Manager] Added breakpoint:main 
2024-08-02 03:59:28 [info] : [Debug Manager] Added breakpoint:_exit 
2024-08-02 03:59:29 [info] : [Debug Manager] Launch session has started on the configuration 'app_echo_uart_r5_0_app_hw_1' 
2024-08-02 04:00:18 [info] : [Debug Manager] Removed breakpoint: main 
2024-08-02 04:00:18 [info] : [Debug Manager] Removed breakpoint: _exit 
2024-08-02 04:00:18 [info] : [Debug Manager] Launch session has terminated on the configuration 'app_echo_uart_r5_0_app_hw_1' 
2024-08-02 04:02:31 [info] : [Debug Manager] Successfully verified the target connection used  Local 
2024-08-02 04:02:31 [info] : [Debug Manager] Starting launch in 'debug' mode using configuration: {"type":"tcf-debug","request":"launch","name":"app_echo_uart_r5_0_app_hw_1","debugType":"baremetal-zu","attachToRunningTargetOptions":{"targetSetupMode":"standalone","executeScript":true,"scriptPath":""},"autoAttachProcessChildren":false,"target":{"targetConnectionId":"Local","peersIniPath":"../../../.wsdata/.peers.ini","context":"ZUPlus"},"targetSetup":{"resetSystem":true,"programDevice":true,"enableRPUSplitMode":true,"resetAPU":false,"resetRPU":false,"bitstreamFile":"${workspaceFolder}/app_echo_uart_r5_0/_ide/bitstream/design_1_wrapper.bit","zuInitialization":{"isFsbl":true,"usingFSBL":{"initWithFSBL":true,"fsblFile":"${workspaceFolder}/pf_amp_uart_r5_0/export/pf_amp_uart_r5_0/sw/boot/fsbl.elf","fsblExitSymbol":"XFsbl_Exit"},"usingPsuInit":{"runPsuInit":true,"plPowerup":false,"psuInitTclFile":"${workspaceFolder}/app_echo_uart_r5_0/_ide/psinit/psu_init.tcl"}},"downloadElf":[{"core":"psu_cortexr5_0","resetProcessor":true,"elfFile":"${workspaceFolder}/app_echo_uart_r5_0/build/app_echo_uart_r5_0.elf","stopAtEntry":false}],"crossTriggerBreakpoints":{"isSelected":false,"breakpoints":[]}},"internalConsoleOptions":"openOnSessionStart","__configUri":"file:///home/kerngt/work/zynqmp/xli_v2024_1_wk/kr260_amp_uart_release/software_wk/ZynqMP-UART-AMP-KR260-Ubuntu/r5_firmware.vitis_unified_ide/app_echo_uart_r5_0/_ide/.theia/launch.json"} 
2024-08-02 04:02:31 [info] : [Debug Manager] Added breakpoint:main 
2024-08-02 04:02:31 [info] : [Debug Manager] Added breakpoint:_exit 
2024-08-02 04:02:32 [info] : [Debug Manager] Launch session has started on the configuration 'app_echo_uart_r5_0_app_hw_1' 
2024-08-02 04:03:14 [info] : [Debug Manager] Removed breakpoint: main 
2024-08-02 04:03:14 [info] : [Debug Manager] Removed breakpoint: _exit 
2024-08-02 04:03:14 [info] : [Debug Manager] Launch session has terminated on the configuration 'app_echo_uart_r5_0_app_hw_1' 
2024-08-02 04:03:57 [info] : [Debug Manager] Successfully verified the target connection used  Local 
2024-08-02 04:03:57 [info] : [Debug Manager] Starting launch in 'debug' mode using configuration: {"type":"tcf-debug","request":"launch","name":"app_echo_uart_r5_1_app_hw_1","debugType":"baremetal-zu","attachToRunningTargetOptions":{"targetSetupMode":"standalone","executeScript":true,"scriptPath":""},"autoAttachProcessChildren":false,"target":{"targetConnectionId":"Local","peersIniPath":"../../../.wsdata/.peers.ini","context":"ZUPlus"},"targetSetup":{"resetSystem":true,"programDevice":true,"enableRPUSplitMode":true,"resetAPU":false,"resetRPU":false,"bitstreamFile":"${workspaceFolder}/app_echo_uart_r5_1/_ide/bitstream/design_1_wrapper.bit","zuInitialization":{"isFsbl":true,"usingFSBL":{"initWithFSBL":true,"fsblFile":"${workspaceFolder}/pf_amp_uart_r5_1/export/pf_amp_uart_r5_1/sw/boot/fsbl.elf","fsblExitSymbol":"XFsbl_Exit"},"usingPsuInit":{"runPsuInit":true,"plPowerup":false,"psuInitTclFile":"${workspaceFolder}/app_echo_uart_r5_1/_ide/psinit/psu_init.tcl"}},"downloadElf":[{"core":"psu_cortexr5_1","resetProcessor":true,"elfFile":"${workspaceFolder}/app_echo_uart_r5_1/build/app_echo_uart_r5_1.elf","stopAtEntry":false}],"crossTriggerBreakpoints":{"isSelected":false,"breakpoints":[]}},"internalConsoleOptions":"openOnSessionStart","__configUri":"file:///home/kerngt/work/zynqmp/xli_v2024_1_wk/kr260_amp_uart_release/software_wk/ZynqMP-UART-AMP-KR260-Ubuntu/r5_firmware.vitis_unified_ide/app_echo_uart_r5_1/_ide/.theia/launch.json"} 
2024-08-02 04:03:57 [info] : [Debug Manager] Added breakpoint:main 
2024-08-02 04:03:57 [info] : [Debug Manager] Added breakpoint:_exit 
2024-08-02 04:03:58 [info] : [Debug Manager] Launch session has started on the configuration 'app_echo_uart_r5_1_app_hw_1' 
2024-08-02 04:04:25 [info] : [Debug Manager] Removed breakpoint: main 
2024-08-02 04:04:25 [info] : [Debug Manager] Removed breakpoint: _exit 
2024-08-02 04:04:25 [info] : [Debug Manager] Launch session has terminated on the configuration 'app_echo_uart_r5_1_app_hw_1' 
2024-08-02 04:04:35 [info] : [Build Server] Clean output stream finished - app_echo_uart_r5_0::. 
2024-08-02 04:04:39 [info] : [Build Server] Clean output stream finished - app_echo_uart_r5_1::. 
2024-08-02 04:04:44 [info] : [Platform Server] Clean platform output stream finished - pf_amp_uart_r5_0. 
2024-08-02 04:04:48 [info] : [Platform Server] Clean platform output stream finished - pf_amp_uart_r5_1. 
2024-08-02 04:06:37 [info] : [Platform Server] Generate platform output stream finished - pf_amp_uart_r5_1. 
2024-08-02 04:06:42 [info] : [Platform Server] Clean platform output stream finished - pf_amp_uart_r5_1. 
