03:16:10 INFO  : updated workspace path: /home/kerngt/work/zynqmp/xli_v2024_1_wk/kr260_amp_uart_release/software_wk/ZynqMP-UART-AMP-KR260-Ubuntu/r5_firmware.vitis_unified_ide
03:16:10 INFO  : Marking the target connection as default Local
03:16:10 INFO  : Marking the target connection as default Linux Agent
03:16:10 INFO  : Marking the target connection as default XRTServer
03:16:10 INFO  : Marking the target connection as default LinuxEmulation
03:16:10 INFO  : Marking the target connection as default QEMU
03:16:14 INFO  : Successfully created repository data at /tmp/rigel_lopper_kerngt12884634372007752383
03:16:14 INFO  : bash, -c, source /tools/Xilinx/Vitis/2024.1/tps/lnx64/lopper-1.1.0/env/bin/activate && python /tools/Xilinx/Vitis/2024.1/data/embeddedsw/scripts/pyesw//get_template_data.py -d /tmp/rigel_lopper_kerngt18306900630794822678 -r /tmp/rigel_lopper_kerngt12884634372007752383/.repo.yaml && deactivate
03:16:14 INFO  : Embedded Template List generated successfully
03:16:15 INFO  : bash, -c, source /tools/Xilinx/Vitis/2024.1/tps/lnx64/lopper-1.1.0/env/bin/activate && python /tools/Xilinx/Vitis/2024.1/data/embeddedsw/scripts/pyesw//repo.py -st   /tools/Xilinx/Vitis/2024.1/data/embeddedsw && deactivate
03:16:19 INFO  : Successfully created repository data at /home/kerngt/work/zynqmp/xli_v2024_1_wk/kr260_amp_uart_release/software_wk/ZynqMP-UART-AMP-KR260-Ubuntu/r5_firmware.vitis_unified_ide/.wsdata
03:16:19 INFO  : bash, -c, source /tools/Xilinx/Vitis/2024.1/tps/lnx64/lopper-1.1.0/env/bin/activate && python /tools/Xilinx/Vitis/2024.1/data/embeddedsw/scripts/pyesw//get_template_data.py -d /tmp/rigel_lopper_kerngt16123419854643016776 -r /home/kerngt/work/zynqmp/xli_v2024_1_wk/kr260_amp_uart_release/software_wk/ZynqMP-UART-AMP-KR260-Ubuntu/r5_firmware.vitis_unified_ide/.wsdata/.repo.yaml && deactivate
03:16:20 INFO  : Embedded Template List generated successfully
03:16:28 INFO  : Found no platform with name 'pf_amp_uart_r5_0' in install repositories
03:16:48 INFO  : clean Platform executed successfully for pf_amp_uart_r5_0
03:16:56 INFO  : BSP build will be initiated for Domain zynqmp_fsbl
03:16:56 INFO  : Generating BSP for the domain /home/kerngt/work/zynqmp/xli_v2024_1_wk/kr260_amp_uart_release/software_wk/ZynqMP-UART-AMP-KR260-Ubuntu/r5_firmware.vitis_unified_ide/pf_amp_uart_r5_0/zynqmp_fsbl/zynqmp_fsbl_bsp
03:16:56 INFO  : lopper command to reconfigure BSP :python /tools/Xilinx/Vitis/2024.1/data/embeddedsw/scripts/pyesw//reconfig_bsp.py -d /home/kerngt/work/zynqmp/xli_v2024_1_wk/kr260_amp_uart_release/software_wk/ZynqMP-UART-AMP-KR260-Ubuntu/r5_firmware.vitis_unified_ide/pf_amp_uart_r5_0/zynqmp_fsbl/zynqmp_fsbl_bsp
03:16:56 INFO  : bash, -c, source /tools/Xilinx/Vitis/2024.1/tps/lnx64/lopper-1.1.0/env/bin/activate && python /tools/Xilinx/Vitis/2024.1/data/embeddedsw/scripts/pyesw//reconfig_bsp.py -d /home/kerngt/work/zynqmp/xli_v2024_1_wk/kr260_amp_uart_release/software_wk/ZynqMP-UART-AMP-KR260-Ubuntu/r5_firmware.vitis_unified_ide/pf_amp_uart_r5_0/zynqmp_fsbl/zynqmp_fsbl_bsp && deactivate
03:16:56 INFO  : BSP build will be initiated for Domain freertos_psu_cortexr5_0
03:16:56 INFO  : Generating BSP for the domain /home/kerngt/work/zynqmp/xli_v2024_1_wk/kr260_amp_uart_release/software_wk/ZynqMP-UART-AMP-KR260-Ubuntu/r5_firmware.vitis_unified_ide/pf_amp_uart_r5_0/psu_cortexr5_0/freertos_psu_cortexr5_0/bsp
03:16:56 INFO  : lopper command to reconfigure BSP :python /tools/Xilinx/Vitis/2024.1/data/embeddedsw/scripts/pyesw//reconfig_bsp.py -d /home/kerngt/work/zynqmp/xli_v2024_1_wk/kr260_amp_uart_release/software_wk/ZynqMP-UART-AMP-KR260-Ubuntu/r5_firmware.vitis_unified_ide/pf_amp_uart_r5_0/psu_cortexr5_0/freertos_psu_cortexr5_0/bsp
03:16:56 INFO  : bash, -c, source /tools/Xilinx/Vitis/2024.1/tps/lnx64/lopper-1.1.0/env/bin/activate && python /tools/Xilinx/Vitis/2024.1/data/embeddedsw/scripts/pyesw//reconfig_bsp.py -d /home/kerngt/work/zynqmp/xli_v2024_1_wk/kr260_amp_uart_release/software_wk/ZynqMP-UART-AMP-KR260-Ubuntu/r5_firmware.vitis_unified_ide/pf_amp_uart_r5_0/psu_cortexr5_0/freertos_psu_cortexr5_0/bsp && deactivate
03:17:04 INFO  : Domain reconfigured successfully
03:17:04 INFO  : Generating BSP for the domain /home/kerngt/work/zynqmp/xli_v2024_1_wk/kr260_amp_uart_release/software_wk/ZynqMP-UART-AMP-KR260-Ubuntu/r5_firmware.vitis_unified_ide/pf_amp_uart_r5_0/psu_cortexr5_0/freertos_psu_cortexr5_0/bsp
03:17:04 INFO  : lopper command to build BSP :python /tools/Xilinx/Vitis/2024.1/data/embeddedsw/scripts/pyesw//build_bsp.py -d /home/kerngt/work/zynqmp/xli_v2024_1_wk/kr260_amp_uart_release/software_wk/ZynqMP-UART-AMP-KR260-Ubuntu/r5_firmware.vitis_unified_ide/pf_amp_uart_r5_0/psu_cortexr5_0/freertos_psu_cortexr5_0/bsp
03:17:04 INFO  : bash, -c, source /tools/Xilinx/Vitis/2024.1/tps/lnx64/lopper-1.1.0/env/bin/activate && python /tools/Xilinx/Vitis/2024.1/data/embeddedsw/scripts/pyesw//build_bsp.py -d /home/kerngt/work/zynqmp/xli_v2024_1_wk/kr260_amp_uart_release/software_wk/ZynqMP-UART-AMP-KR260-Ubuntu/r5_firmware.vitis_unified_ide/pf_amp_uart_r5_0/psu_cortexr5_0/freertos_psu_cortexr5_0/bsp && deactivate
03:17:07 INFO  : Domain reconfigured successfully
03:17:07 INFO  : Generating BSP for the domain /home/kerngt/work/zynqmp/xli_v2024_1_wk/kr260_amp_uart_release/software_wk/ZynqMP-UART-AMP-KR260-Ubuntu/r5_firmware.vitis_unified_ide/pf_amp_uart_r5_0/zynqmp_fsbl/zynqmp_fsbl_bsp
03:17:07 INFO  : lopper command to build BSP :python /tools/Xilinx/Vitis/2024.1/data/embeddedsw/scripts/pyesw//build_bsp.py -d /home/kerngt/work/zynqmp/xli_v2024_1_wk/kr260_amp_uart_release/software_wk/ZynqMP-UART-AMP-KR260-Ubuntu/r5_firmware.vitis_unified_ide/pf_amp_uart_r5_0/zynqmp_fsbl/zynqmp_fsbl_bsp
03:17:07 INFO  : bash, -c, source /tools/Xilinx/Vitis/2024.1/tps/lnx64/lopper-1.1.0/env/bin/activate && python /tools/Xilinx/Vitis/2024.1/data/embeddedsw/scripts/pyesw//build_bsp.py -d /home/kerngt/work/zynqmp/xli_v2024_1_wk/kr260_amp_uart_release/software_wk/ZynqMP-UART-AMP-KR260-Ubuntu/r5_firmware.vitis_unified_ide/pf_amp_uart_r5_0/zynqmp_fsbl/zynqmp_fsbl_bsp && deactivate
03:17:27 INFO  : Domain build successfully
03:17:29 INFO  : Domain build successfully
03:17:29 INFO  : Generating Boot ELFs
03:17:29 INFO  : lopper command to retarget baremetal application :python /tools/Xilinx/Vitis/2024.1/data/embeddedsw/scripts/pyesw//retarget_app.py -s /home/kerngt/work/zynqmp/xli_v2024_1_wk/kr260_amp_uart_release/software_wk/ZynqMP-UART-AMP-KR260-Ubuntu/r5_firmware.vitis_unified_ide/pf_amp_uart_r5_0/zynqmp_fsbl -d /home/kerngt/work/zynqmp/xli_v2024_1_wk/kr260_amp_uart_release/software_wk/ZynqMP-UART-AMP-KR260-Ubuntu/r5_firmware.vitis_unified_ide/pf_amp_uart_r5_0/zynqmp_fsbl/zynqmp_fsbl_bsp -b /home/kerngt/work/zynqmp/xli_v2024_1_wk/kr260_amp_uart_release/software_wk/ZynqMP-UART-AMP-KR260-Ubuntu/r5_firmware.vitis_unified_ide/pf_amp_uart_r5_0/zynqmp_fsbl/build
03:17:29 INFO  : bash, -c, source /tools/Xilinx/Vitis/2024.1/tps/lnx64/lopper-1.1.0/env/bin/activate && python /tools/Xilinx/Vitis/2024.1/data/embeddedsw/scripts/pyesw//retarget_app.py -s /home/kerngt/work/zynqmp/xli_v2024_1_wk/kr260_amp_uart_release/software_wk/ZynqMP-UART-AMP-KR260-Ubuntu/r5_firmware.vitis_unified_ide/pf_amp_uart_r5_0/zynqmp_fsbl -d /home/kerngt/work/zynqmp/xli_v2024_1_wk/kr260_amp_uart_release/software_wk/ZynqMP-UART-AMP-KR260-Ubuntu/r5_firmware.vitis_unified_ide/pf_amp_uart_r5_0/zynqmp_fsbl/zynqmp_fsbl_bsp -b /home/kerngt/work/zynqmp/xli_v2024_1_wk/kr260_amp_uart_release/software_wk/ZynqMP-UART-AMP-KR260-Ubuntu/r5_firmware.vitis_unified_ide/pf_amp_uart_r5_0/zynqmp_fsbl/build && deactivate
03:17:30 INFO  : Successfully retargeted Application /home/kerngt/work/zynqmp/xli_v2024_1_wk/kr260_amp_uart_release/software_wk/ZynqMP-UART-AMP-KR260-Ubuntu/r5_firmware.vitis_unified_ide/pf_amp_uart_r5_0/zynqmp_fsbl
03:17:30 INFO  : lopper command to build baremetal application :python /tools/Xilinx/Vitis/2024.1/data/embeddedsw/scripts/pyesw//build_app.py -s /home/kerngt/work/zynqmp/xli_v2024_1_wk/kr260_amp_uart_release/software_wk/ZynqMP-UART-AMP-KR260-Ubuntu/r5_firmware.vitis_unified_ide/pf_amp_uart_r5_0/zynqmp_fsbl -b /home/kerngt/work/zynqmp/xli_v2024_1_wk/kr260_amp_uart_release/software_wk/ZynqMP-UART-AMP-KR260-Ubuntu/r5_firmware.vitis_unified_ide/pf_amp_uart_r5_0/zynqmp_fsbl/build
03:17:30 INFO  : bash, -c, source /tools/Xilinx/Vitis/2024.1/tps/lnx64/lopper-1.1.0/env/bin/activate && python /tools/Xilinx/Vitis/2024.1/data/embeddedsw/scripts/pyesw//build_app.py -s /home/kerngt/work/zynqmp/xli_v2024_1_wk/kr260_amp_uart_release/software_wk/ZynqMP-UART-AMP-KR260-Ubuntu/r5_firmware.vitis_unified_ide/pf_amp_uart_r5_0/zynqmp_fsbl -b /home/kerngt/work/zynqmp/xli_v2024_1_wk/kr260_amp_uart_release/software_wk/ZynqMP-UART-AMP-KR260-Ubuntu/r5_firmware.vitis_unified_ide/pf_amp_uart_r5_0/zynqmp_fsbl/build && deactivate
03:17:40 INFO  : Successfully building the baremetal application/home/kerngt/work/zynqmp/xli_v2024_1_wk/kr260_amp_uart_release/software_wk/ZynqMP-UART-AMP-KR260-Ubuntu/r5_firmware.vitis_unified_ide/pf_amp_uart_r5_0/zynqmp_fsbl/build
03:17:40 INFO  : Generating Export directory
03:17:41 INFO  : Platform Build Finished successfully.
03:17:53 INFO  : clean Platform executed successfully for pf_amp_uart_r5_1
03:18:17 INFO  : BSP build will be initiated for Domain freertos_psu_cortexr5_1
03:18:17 INFO  : BSP build will be initiated for Domain zynqmp_fsbl
03:18:17 INFO  : Generating BSP for the domain /home/kerngt/work/zynqmp/xli_v2024_1_wk/kr260_amp_uart_release/software_wk/ZynqMP-UART-AMP-KR260-Ubuntu/r5_firmware.vitis_unified_ide/pf_amp_uart_r5_1/zynqmp_fsbl/zynqmp_fsbl_bsp
03:18:17 INFO  : Generating BSP for the domain /home/kerngt/work/zynqmp/xli_v2024_1_wk/kr260_amp_uart_release/software_wk/ZynqMP-UART-AMP-KR260-Ubuntu/r5_firmware.vitis_unified_ide/pf_amp_uart_r5_1/psu_cortexr5_1/freertos_psu_cortexr5_1/bsp
03:18:17 INFO  : lopper command to reconfigure BSP :python /tools/Xilinx/Vitis/2024.1/data/embeddedsw/scripts/pyesw//reconfig_bsp.py -d /home/kerngt/work/zynqmp/xli_v2024_1_wk/kr260_amp_uart_release/software_wk/ZynqMP-UART-AMP-KR260-Ubuntu/r5_firmware.vitis_unified_ide/pf_amp_uart_r5_1/psu_cortexr5_1/freertos_psu_cortexr5_1/bsp
03:18:17 INFO  : lopper command to reconfigure BSP :python /tools/Xilinx/Vitis/2024.1/data/embeddedsw/scripts/pyesw//reconfig_bsp.py -d /home/kerngt/work/zynqmp/xli_v2024_1_wk/kr260_amp_uart_release/software_wk/ZynqMP-UART-AMP-KR260-Ubuntu/r5_firmware.vitis_unified_ide/pf_amp_uart_r5_1/zynqmp_fsbl/zynqmp_fsbl_bsp
03:18:17 INFO  : bash, -c, source /tools/Xilinx/Vitis/2024.1/tps/lnx64/lopper-1.1.0/env/bin/activate && python /tools/Xilinx/Vitis/2024.1/data/embeddedsw/scripts/pyesw//reconfig_bsp.py -d /home/kerngt/work/zynqmp/xli_v2024_1_wk/kr260_amp_uart_release/software_wk/ZynqMP-UART-AMP-KR260-Ubuntu/r5_firmware.vitis_unified_ide/pf_amp_uart_r5_1/psu_cortexr5_1/freertos_psu_cortexr5_1/bsp && deactivate
03:18:17 INFO  : bash, -c, source /tools/Xilinx/Vitis/2024.1/tps/lnx64/lopper-1.1.0/env/bin/activate && python /tools/Xilinx/Vitis/2024.1/data/embeddedsw/scripts/pyesw//reconfig_bsp.py -d /home/kerngt/work/zynqmp/xli_v2024_1_wk/kr260_amp_uart_release/software_wk/ZynqMP-UART-AMP-KR260-Ubuntu/r5_firmware.vitis_unified_ide/pf_amp_uart_r5_1/zynqmp_fsbl/zynqmp_fsbl_bsp && deactivate
03:18:23 INFO  : Domain reconfigured successfully
03:18:23 INFO  : Generating BSP for the domain /home/kerngt/work/zynqmp/xli_v2024_1_wk/kr260_amp_uart_release/software_wk/ZynqMP-UART-AMP-KR260-Ubuntu/r5_firmware.vitis_unified_ide/pf_amp_uart_r5_1/psu_cortexr5_1/freertos_psu_cortexr5_1/bsp
03:18:23 INFO  : lopper command to build BSP :python /tools/Xilinx/Vitis/2024.1/data/embeddedsw/scripts/pyesw//build_bsp.py -d /home/kerngt/work/zynqmp/xli_v2024_1_wk/kr260_amp_uart_release/software_wk/ZynqMP-UART-AMP-KR260-Ubuntu/r5_firmware.vitis_unified_ide/pf_amp_uart_r5_1/psu_cortexr5_1/freertos_psu_cortexr5_1/bsp
03:18:23 INFO  : bash, -c, source /tools/Xilinx/Vitis/2024.1/tps/lnx64/lopper-1.1.0/env/bin/activate && python /tools/Xilinx/Vitis/2024.1/data/embeddedsw/scripts/pyesw//build_bsp.py -d /home/kerngt/work/zynqmp/xli_v2024_1_wk/kr260_amp_uart_release/software_wk/ZynqMP-UART-AMP-KR260-Ubuntu/r5_firmware.vitis_unified_ide/pf_amp_uart_r5_1/psu_cortexr5_1/freertos_psu_cortexr5_1/bsp && deactivate
03:18:32 INFO  : Domain reconfigured successfully
03:18:32 INFO  : Generating BSP for the domain /home/kerngt/work/zynqmp/xli_v2024_1_wk/kr260_amp_uart_release/software_wk/ZynqMP-UART-AMP-KR260-Ubuntu/r5_firmware.vitis_unified_ide/pf_amp_uart_r5_1/zynqmp_fsbl/zynqmp_fsbl_bsp
03:18:32 INFO  : lopper command to build BSP :python /tools/Xilinx/Vitis/2024.1/data/embeddedsw/scripts/pyesw//build_bsp.py -d /home/kerngt/work/zynqmp/xli_v2024_1_wk/kr260_amp_uart_release/software_wk/ZynqMP-UART-AMP-KR260-Ubuntu/r5_firmware.vitis_unified_ide/pf_amp_uart_r5_1/zynqmp_fsbl/zynqmp_fsbl_bsp
03:18:32 INFO  : bash, -c, source /tools/Xilinx/Vitis/2024.1/tps/lnx64/lopper-1.1.0/env/bin/activate && python /tools/Xilinx/Vitis/2024.1/data/embeddedsw/scripts/pyesw//build_bsp.py -d /home/kerngt/work/zynqmp/xli_v2024_1_wk/kr260_amp_uart_release/software_wk/ZynqMP-UART-AMP-KR260-Ubuntu/r5_firmware.vitis_unified_ide/pf_amp_uart_r5_1/zynqmp_fsbl/zynqmp_fsbl_bsp && deactivate
03:18:39 INFO  : Domain build successfully
03:18:49 INFO  : Domain build successfully
03:18:49 INFO  : Generating Boot ELFs
03:18:49 INFO  : lopper command to retarget baremetal application :python /tools/Xilinx/Vitis/2024.1/data/embeddedsw/scripts/pyesw//retarget_app.py -s /home/kerngt/work/zynqmp/xli_v2024_1_wk/kr260_amp_uart_release/software_wk/ZynqMP-UART-AMP-KR260-Ubuntu/r5_firmware.vitis_unified_ide/pf_amp_uart_r5_1/zynqmp_fsbl -d /home/kerngt/work/zynqmp/xli_v2024_1_wk/kr260_amp_uart_release/software_wk/ZynqMP-UART-AMP-KR260-Ubuntu/r5_firmware.vitis_unified_ide/pf_amp_uart_r5_1/zynqmp_fsbl/zynqmp_fsbl_bsp -b /home/kerngt/work/zynqmp/xli_v2024_1_wk/kr260_amp_uart_release/software_wk/ZynqMP-UART-AMP-KR260-Ubuntu/r5_firmware.vitis_unified_ide/pf_amp_uart_r5_1/zynqmp_fsbl/build
03:18:49 INFO  : bash, -c, source /tools/Xilinx/Vitis/2024.1/tps/lnx64/lopper-1.1.0/env/bin/activate && python /tools/Xilinx/Vitis/2024.1/data/embeddedsw/scripts/pyesw//retarget_app.py -s /home/kerngt/work/zynqmp/xli_v2024_1_wk/kr260_amp_uart_release/software_wk/ZynqMP-UART-AMP-KR260-Ubuntu/r5_firmware.vitis_unified_ide/pf_amp_uart_r5_1/zynqmp_fsbl -d /home/kerngt/work/zynqmp/xli_v2024_1_wk/kr260_amp_uart_release/software_wk/ZynqMP-UART-AMP-KR260-Ubuntu/r5_firmware.vitis_unified_ide/pf_amp_uart_r5_1/zynqmp_fsbl/zynqmp_fsbl_bsp -b /home/kerngt/work/zynqmp/xli_v2024_1_wk/kr260_amp_uart_release/software_wk/ZynqMP-UART-AMP-KR260-Ubuntu/r5_firmware.vitis_unified_ide/pf_amp_uart_r5_1/zynqmp_fsbl/build && deactivate
03:18:50 INFO  : Successfully retargeted Application /home/kerngt/work/zynqmp/xli_v2024_1_wk/kr260_amp_uart_release/software_wk/ZynqMP-UART-AMP-KR260-Ubuntu/r5_firmware.vitis_unified_ide/pf_amp_uart_r5_1/zynqmp_fsbl
03:18:50 INFO  : lopper command to build baremetal application :python /tools/Xilinx/Vitis/2024.1/data/embeddedsw/scripts/pyesw//build_app.py -s /home/kerngt/work/zynqmp/xli_v2024_1_wk/kr260_amp_uart_release/software_wk/ZynqMP-UART-AMP-KR260-Ubuntu/r5_firmware.vitis_unified_ide/pf_amp_uart_r5_1/zynqmp_fsbl -b /home/kerngt/work/zynqmp/xli_v2024_1_wk/kr260_amp_uart_release/software_wk/ZynqMP-UART-AMP-KR260-Ubuntu/r5_firmware.vitis_unified_ide/pf_amp_uart_r5_1/zynqmp_fsbl/build
03:18:50 INFO  : bash, -c, source /tools/Xilinx/Vitis/2024.1/tps/lnx64/lopper-1.1.0/env/bin/activate && python /tools/Xilinx/Vitis/2024.1/data/embeddedsw/scripts/pyesw//build_app.py -s /home/kerngt/work/zynqmp/xli_v2024_1_wk/kr260_amp_uart_release/software_wk/ZynqMP-UART-AMP-KR260-Ubuntu/r5_firmware.vitis_unified_ide/pf_amp_uart_r5_1/zynqmp_fsbl -b /home/kerngt/work/zynqmp/xli_v2024_1_wk/kr260_amp_uart_release/software_wk/ZynqMP-UART-AMP-KR260-Ubuntu/r5_firmware.vitis_unified_ide/pf_amp_uart_r5_1/zynqmp_fsbl/build && deactivate
03:19:01 INFO  : Successfully building the baremetal application/home/kerngt/work/zynqmp/xli_v2024_1_wk/kr260_amp_uart_release/software_wk/ZynqMP-UART-AMP-KR260-Ubuntu/r5_firmware.vitis_unified_ide/pf_amp_uart_r5_1/zynqmp_fsbl/build
03:19:01 INFO  : Generating Export directory
03:19:01 INFO  : Platform Build Finished successfully.
03:19:08 INFO  : Found no platform with name 'pf_amp_uart_r5_0' in install repositories
03:19:11 INFO  : Found no platform with name 'pf_amp_uart_r5_0' in install repositories
03:19:11 INFO  : Found no platform with name 'pf_amp_uart_r5_0' in install repositories
03:19:11 INFO  : Found no platform with name 'pf_amp_uart_r5_0' in install repositories
03:19:21 INFO  : Found no platform with name 'pf_amp_uart_r5_0' in install repositories
03:19:21 INFO  : lopper command to retarget baremetal application :python /tools/Xilinx/Vitis/2024.1/data/embeddedsw/scripts/pyesw//retarget_app.py -s /home/kerngt/work/zynqmp/xli_v2024_1_wk/kr260_amp_uart_release/software_wk/ZynqMP-UART-AMP-KR260-Ubuntu/r5_firmware.vitis_unified_ide/app_echo_uart_r5_0/src -d /home/kerngt/work/zynqmp/xli_v2024_1_wk/kr260_amp_uart_release/software_wk/kr260_amp_uart.vitis/pf_amp_uart_r5_0/export/pf_amp_uart_r5_0/sw/freertos_psu_cortexr5_0 -b /home/kerngt/work/zynqmp/xli_v2024_1_wk/kr260_amp_uart_release/software_wk/ZynqMP-UART-AMP-KR260-Ubuntu/r5_firmware.vitis_unified_ide/app_echo_uart_r5_0/build
03:19:21 INFO  : bash, -c, source /tools/Xilinx/Vitis/2024.1/tps/lnx64/lopper-1.1.0/env/bin/activate && python /tools/Xilinx/Vitis/2024.1/data/embeddedsw/scripts/pyesw//retarget_app.py -s /home/kerngt/work/zynqmp/xli_v2024_1_wk/kr260_amp_uart_release/software_wk/ZynqMP-UART-AMP-KR260-Ubuntu/r5_firmware.vitis_unified_ide/app_echo_uart_r5_0/src -d /home/kerngt/work/zynqmp/xli_v2024_1_wk/kr260_amp_uart_release/software_wk/kr260_amp_uart.vitis/pf_amp_uart_r5_0/export/pf_amp_uart_r5_0/sw/freertos_psu_cortexr5_0 -b /home/kerngt/work/zynqmp/xli_v2024_1_wk/kr260_amp_uart_release/software_wk/ZynqMP-UART-AMP-KR260-Ubuntu/r5_firmware.vitis_unified_ide/app_echo_uart_r5_0/build && deactivate
03:19:21 INFO  : Found no platform with name 'pf_amp_uart_r5_0' in install repositories
03:19:21 INFO  : Found no platform with name 'pf_amp_uart_r5_0' in install repositories
03:19:22 INFO  : Successfully retargeted Application /home/kerngt/work/zynqmp/xli_v2024_1_wk/kr260_amp_uart_release/software_wk/ZynqMP-UART-AMP-KR260-Ubuntu/r5_firmware.vitis_unified_ide/app_echo_uart_r5_0/src
03:19:22 INFO  : Found no platform with name 'pf_amp_uart_r5_0' in install repositories
03:19:22 INFO  : Found no platform with name 'pf_amp_uart_r5_0' in install repositories
03:19:22 INFO  : bash, -c, source /tools/Xilinx/Vitis/2024.1/tps/lnx64/lopper-1.1.0/env/bin/activate && python /tools/Xilinx/Vitis/2024.1/data/embeddedsw/scripts/pyesw//build_app.py -s /home/kerngt/work/zynqmp/xli_v2024_1_wk/kr260_amp_uart_release/software_wk/ZynqMP-UART-AMP-KR260-Ubuntu/r5_firmware.vitis_unified_ide/app_echo_uart_r5_0/src -b /home/kerngt/work/zynqmp/xli_v2024_1_wk/kr260_amp_uart_release/software_wk/ZynqMP-UART-AMP-KR260-Ubuntu/r5_firmware.vitis_unified_ide/app_echo_uart_r5_0/build && deactivate
03:19:25 INFO  : Found no platform with name 'pf_amp_uart_r5_0' in install repositories
03:19:25 INFO  : Found no platform with name 'pf_amp_uart_r5_0' in install repositories
03:19:30 INFO  : Found no platform with name 'pf_amp_uart_r5_1' in install repositories
03:19:33 INFO  : Found no platform with name 'pf_amp_uart_r5_1' in install repositories
03:19:34 INFO  : Found no platform with name 'pf_amp_uart_r5_1' in install repositories
03:19:34 INFO  : Found no platform with name 'pf_amp_uart_r5_1' in install repositories
03:19:37 INFO  : Found no platform with name 'pf_amp_uart_r5_1' in install repositories
03:19:37 INFO  : lopper command to retarget baremetal application :python /tools/Xilinx/Vitis/2024.1/data/embeddedsw/scripts/pyesw//retarget_app.py -s /home/kerngt/work/zynqmp/xli_v2024_1_wk/kr260_amp_uart_release/software_wk/ZynqMP-UART-AMP-KR260-Ubuntu/r5_firmware.vitis_unified_ide/app_echo_uart_r5_1/src -d /home/kerngt/work/zynqmp/xli_v2024_1_wk/kr260_amp_uart_release/software_wk/kr260_amp_uart.vitis/pf_amp_uart_r5_1/export/pf_amp_uart_r5_1/sw/freertos_psu_cortexr5_1 -b /home/kerngt/work/zynqmp/xli_v2024_1_wk/kr260_amp_uart_release/software_wk/ZynqMP-UART-AMP-KR260-Ubuntu/r5_firmware.vitis_unified_ide/app_echo_uart_r5_1/build
03:19:37 INFO  : bash, -c, source /tools/Xilinx/Vitis/2024.1/tps/lnx64/lopper-1.1.0/env/bin/activate && python /tools/Xilinx/Vitis/2024.1/data/embeddedsw/scripts/pyesw//retarget_app.py -s /home/kerngt/work/zynqmp/xli_v2024_1_wk/kr260_amp_uart_release/software_wk/ZynqMP-UART-AMP-KR260-Ubuntu/r5_firmware.vitis_unified_ide/app_echo_uart_r5_1/src -d /home/kerngt/work/zynqmp/xli_v2024_1_wk/kr260_amp_uart_release/software_wk/kr260_amp_uart.vitis/pf_amp_uart_r5_1/export/pf_amp_uart_r5_1/sw/freertos_psu_cortexr5_1 -b /home/kerngt/work/zynqmp/xli_v2024_1_wk/kr260_amp_uart_release/software_wk/ZynqMP-UART-AMP-KR260-Ubuntu/r5_firmware.vitis_unified_ide/app_echo_uart_r5_1/build && deactivate
03:19:37 INFO  : Found no platform with name 'pf_amp_uart_r5_1' in install repositories
03:19:37 INFO  : Found no platform with name 'pf_amp_uart_r5_1' in install repositories
03:19:38 INFO  : Successfully retargeted Application /home/kerngt/work/zynqmp/xli_v2024_1_wk/kr260_amp_uart_release/software_wk/ZynqMP-UART-AMP-KR260-Ubuntu/r5_firmware.vitis_unified_ide/app_echo_uart_r5_1/src
03:19:38 INFO  : Found no platform with name 'pf_amp_uart_r5_1' in install repositories
03:19:38 INFO  : Found no platform with name 'pf_amp_uart_r5_1' in install repositories
03:19:38 INFO  : bash, -c, source /tools/Xilinx/Vitis/2024.1/tps/lnx64/lopper-1.1.0/env/bin/activate && python /tools/Xilinx/Vitis/2024.1/data/embeddedsw/scripts/pyesw//build_app.py -s /home/kerngt/work/zynqmp/xli_v2024_1_wk/kr260_amp_uart_release/software_wk/ZynqMP-UART-AMP-KR260-Ubuntu/r5_firmware.vitis_unified_ide/app_echo_uart_r5_1/src -b /home/kerngt/work/zynqmp/xli_v2024_1_wk/kr260_amp_uart_release/software_wk/ZynqMP-UART-AMP-KR260-Ubuntu/r5_firmware.vitis_unified_ide/app_echo_uart_r5_1/build && deactivate
03:19:42 INFO  : Found no platform with name 'pf_amp_uart_r5_1' in install repositories
03:19:42 INFO  : Found no platform with name 'pf_amp_uart_r5_1' in install repositories
03:21:25 INFO  : Found no platform with name 'pf_amp_uart_r5_0' in install repositories
03:21:27 INFO  : Found no platform with name 'pf_amp_uart_r5_0' in install repositories
03:21:27 INFO  : Found no platform with name 'pf_amp_uart_r5_0' in install repositories
03:21:27 INFO  : Found no platform with name 'pf_amp_uart_r5_0' in install repositories
03:21:31 INFO  : Found no platform with name 'pf_amp_uart_r5_1' in install repositories
03:21:32 INFO  : Found no platform with name 'pf_amp_uart_r5_1' in install repositories
03:21:32 INFO  : Found no platform with name 'pf_amp_uart_r5_1' in install repositories
03:21:32 INFO  : Found no platform with name 'pf_amp_uart_r5_1' in install repositories
03:21:36 INFO  : clean Platform executed successfully for pf_amp_uart_r5_0
03:21:48 INFO  : clean Platform executed successfully for pf_amp_uart_r5_1
03:28:43 INFO  : bash, -c, source /tools/Xilinx/Vitis/2024.1/tps/lnx64/lopper-1.1.0/env/bin/activate && python /tools/Xilinx/Vitis/2024.1/data/embeddedsw/scripts/pyesw//get_template_data.py -d /tmp/rigel_lopper_kerngt16053515497930433074 -r /home/kerngt/work/zynqmp/xli_v2024_1_wk/kr260_amp_uart_release/software_wk/ZynqMP-UART-AMP-KR260-Ubuntu/r5_firmware.vitis_unified_ide/.wsdata/.repo.yaml && deactivate
03:28:43 INFO  : created .gitignore file for the project /home/kerngt/work/zynqmp/xli_v2024_1_wk/uart_amp_github/ZynqMP-UART-AMP-KR260-Ubuntu/r5_firmware.vitis_unified_ide
03:56:33 INFO  : updated workspace path: /home/kerngt/work/zynqmp/xli_v2024_1_wk/kr260_amp_uart_release/software_wk/ZynqMP-UART-AMP-KR260-Ubuntu/r5_firmware.vitis_unified_ide
03:56:33 INFO  : created .gitignore file for the project /home/kerngt/work/zynqmp/xli_v2024_1_wk/kr260_amp_uart_release/software_wk/ZynqMP-UART-AMP-KR260-Ubuntu/r5_firmware.vitis_unified_ide
03:56:33 INFO  : Embedded Template List generated successfully
03:56:34 INFO  : bash, -c, source /tools/Xilinx/Vitis/2024.1/tps/lnx64/lopper-1.1.0/env/bin/activate && python /tools/Xilinx/Vitis/2024.1/data/embeddedsw/scripts/pyesw//get_template_data.py -d /tmp/rigel_lopper_kerngt10853158246166639622 -r /home/kerngt/work/zynqmp/xli_v2024_1_wk/kr260_amp_uart_release/software_wk/ZynqMP-UART-AMP-KR260-Ubuntu/r5_firmware.vitis_unified_ide/.wsdata/.repo.yaml && deactivate
03:56:34 INFO  : Embedded Template List generated successfully
03:56:51 INFO  : Found no platform with name 'pf_amp_uart_r5_0' in install repositories
03:56:55 INFO  : Found no platform with name 'pf_amp_uart_r5_0' in install repositories
03:57:00 INFO  : Found no platform with name 'pf_amp_uart_r5_1' in install repositories
03:57:02 INFO  : Found no platform with name 'pf_amp_uart_r5_1' in install repositories
03:57:07 INFO  : Found no platform with name 'pf_amp_uart_r5_1' in install repositories
03:57:07 INFO  : lopper command to retarget baremetal application :python /tools/Xilinx/Vitis/2024.1/data/embeddedsw/scripts/pyesw//retarget_app.py -s /home/kerngt/work/zynqmp/xli_v2024_1_wk/kr260_amp_uart_release/software_wk/ZynqMP-UART-AMP-KR260-Ubuntu/r5_firmware.vitis_unified_ide/app_echo_uart_r5_1/src -d /home/kerngt/work/zynqmp/xli_v2024_1_wk/kr260_amp_uart_release/software_wk/kr260_amp_uart.vitis/pf_amp_uart_r5_1/export/pf_amp_uart_r5_1/sw/freertos_psu_cortexr5_1 -b /home/kerngt/work/zynqmp/xli_v2024_1_wk/kr260_amp_uart_release/software_wk/ZynqMP-UART-AMP-KR260-Ubuntu/r5_firmware.vitis_unified_ide/app_echo_uart_r5_1/build
03:57:07 INFO  : bash, -c, source /tools/Xilinx/Vitis/2024.1/tps/lnx64/lopper-1.1.0/env/bin/activate && python /tools/Xilinx/Vitis/2024.1/data/embeddedsw/scripts/pyesw//retarget_app.py -s /home/kerngt/work/zynqmp/xli_v2024_1_wk/kr260_amp_uart_release/software_wk/ZynqMP-UART-AMP-KR260-Ubuntu/r5_firmware.vitis_unified_ide/app_echo_uart_r5_1/src -d /home/kerngt/work/zynqmp/xli_v2024_1_wk/kr260_amp_uart_release/software_wk/kr260_amp_uart.vitis/pf_amp_uart_r5_1/export/pf_amp_uart_r5_1/sw/freertos_psu_cortexr5_1 -b /home/kerngt/work/zynqmp/xli_v2024_1_wk/kr260_amp_uart_release/software_wk/ZynqMP-UART-AMP-KR260-Ubuntu/r5_firmware.vitis_unified_ide/app_echo_uart_r5_1/build && deactivate
03:57:07 INFO  : Found no platform with name 'pf_amp_uart_r5_1' in install repositories
03:57:08 INFO  : Found no platform with name 'pf_amp_uart_r5_1' in install repositories
03:57:08 INFO  : Successfully retargeted Application /home/kerngt/work/zynqmp/xli_v2024_1_wk/kr260_amp_uart_release/software_wk/ZynqMP-UART-AMP-KR260-Ubuntu/r5_firmware.vitis_unified_ide/app_echo_uart_r5_1/src
03:57:08 INFO  : Found no platform with name 'pf_amp_uart_r5_1' in install repositories
03:57:08 INFO  : Found no platform with name 'pf_amp_uart_r5_1' in install repositories
03:57:08 INFO  : bash, -c, source /tools/Xilinx/Vitis/2024.1/tps/lnx64/lopper-1.1.0/env/bin/activate && python /tools/Xilinx/Vitis/2024.1/data/embeddedsw/scripts/pyesw//build_app.py -s /home/kerngt/work/zynqmp/xli_v2024_1_wk/kr260_amp_uart_release/software_wk/ZynqMP-UART-AMP-KR260-Ubuntu/r5_firmware.vitis_unified_ide/app_echo_uart_r5_1/src -b /home/kerngt/work/zynqmp/xli_v2024_1_wk/kr260_amp_uart_release/software_wk/ZynqMP-UART-AMP-KR260-Ubuntu/r5_firmware.vitis_unified_ide/app_echo_uart_r5_1/build && deactivate
03:57:10 INFO  : Found no platform with name 'pf_amp_uart_r5_1' in install repositories
03:57:10 INFO  : Found no platform with name 'pf_amp_uart_r5_1' in install repositories
03:57:25 INFO  : BSP build will be initiated for Domain zynqmp_fsbl
03:57:25 INFO  : Generating BSP for the domain /home/kerngt/work/zynqmp/xli_v2024_1_wk/kr260_amp_uart_release/software_wk/ZynqMP-UART-AMP-KR260-Ubuntu/r5_firmware.vitis_unified_ide/pf_amp_uart_r5_0/zynqmp_fsbl/zynqmp_fsbl_bsp
03:57:25 INFO  : lopper command to reconfigure BSP :python /tools/Xilinx/Vitis/2024.1/data/embeddedsw/scripts/pyesw//reconfig_bsp.py -d /home/kerngt/work/zynqmp/xli_v2024_1_wk/kr260_amp_uart_release/software_wk/ZynqMP-UART-AMP-KR260-Ubuntu/r5_firmware.vitis_unified_ide/pf_amp_uart_r5_0/zynqmp_fsbl/zynqmp_fsbl_bsp
03:57:25 INFO  : bash, -c, source /tools/Xilinx/Vitis/2024.1/tps/lnx64/lopper-1.1.0/env/bin/activate && python /tools/Xilinx/Vitis/2024.1/data/embeddedsw/scripts/pyesw//reconfig_bsp.py -d /home/kerngt/work/zynqmp/xli_v2024_1_wk/kr260_amp_uart_release/software_wk/ZynqMP-UART-AMP-KR260-Ubuntu/r5_firmware.vitis_unified_ide/pf_amp_uart_r5_0/zynqmp_fsbl/zynqmp_fsbl_bsp && deactivate
03:57:25 INFO  : BSP build will be initiated for Domain freertos_psu_cortexr5_0
03:57:25 INFO  : Generating BSP for the domain /home/kerngt/work/zynqmp/xli_v2024_1_wk/kr260_amp_uart_release/software_wk/ZynqMP-UART-AMP-KR260-Ubuntu/r5_firmware.vitis_unified_ide/pf_amp_uart_r5_0/psu_cortexr5_0/freertos_psu_cortexr5_0/bsp
03:57:25 INFO  : lopper command to reconfigure BSP :python /tools/Xilinx/Vitis/2024.1/data/embeddedsw/scripts/pyesw//reconfig_bsp.py -d /home/kerngt/work/zynqmp/xli_v2024_1_wk/kr260_amp_uart_release/software_wk/ZynqMP-UART-AMP-KR260-Ubuntu/r5_firmware.vitis_unified_ide/pf_amp_uart_r5_0/psu_cortexr5_0/freertos_psu_cortexr5_0/bsp
03:57:25 INFO  : bash, -c, source /tools/Xilinx/Vitis/2024.1/tps/lnx64/lopper-1.1.0/env/bin/activate && python /tools/Xilinx/Vitis/2024.1/data/embeddedsw/scripts/pyesw//reconfig_bsp.py -d /home/kerngt/work/zynqmp/xli_v2024_1_wk/kr260_amp_uart_release/software_wk/ZynqMP-UART-AMP-KR260-Ubuntu/r5_firmware.vitis_unified_ide/pf_amp_uart_r5_0/psu_cortexr5_0/freertos_psu_cortexr5_0/bsp && deactivate
03:57:26 INFO  : Domain reconfigured successfully
03:57:26 INFO  : Generating BSP for the domain /home/kerngt/work/zynqmp/xli_v2024_1_wk/kr260_amp_uart_release/software_wk/ZynqMP-UART-AMP-KR260-Ubuntu/r5_firmware.vitis_unified_ide/pf_amp_uart_r5_0/zynqmp_fsbl/zynqmp_fsbl_bsp
03:57:26 INFO  : lopper command to build BSP :python /tools/Xilinx/Vitis/2024.1/data/embeddedsw/scripts/pyesw//build_bsp.py -d /home/kerngt/work/zynqmp/xli_v2024_1_wk/kr260_amp_uart_release/software_wk/ZynqMP-UART-AMP-KR260-Ubuntu/r5_firmware.vitis_unified_ide/pf_amp_uart_r5_0/zynqmp_fsbl/zynqmp_fsbl_bsp
03:57:26 INFO  : bash, -c, source /tools/Xilinx/Vitis/2024.1/tps/lnx64/lopper-1.1.0/env/bin/activate && python /tools/Xilinx/Vitis/2024.1/data/embeddedsw/scripts/pyesw//build_bsp.py -d /home/kerngt/work/zynqmp/xli_v2024_1_wk/kr260_amp_uart_release/software_wk/ZynqMP-UART-AMP-KR260-Ubuntu/r5_firmware.vitis_unified_ide/pf_amp_uart_r5_0/zynqmp_fsbl/zynqmp_fsbl_bsp && deactivate
03:57:26 INFO  : Domain reconfigured successfully
03:57:26 INFO  : Generating BSP for the domain /home/kerngt/work/zynqmp/xli_v2024_1_wk/kr260_amp_uart_release/software_wk/ZynqMP-UART-AMP-KR260-Ubuntu/r5_firmware.vitis_unified_ide/pf_amp_uart_r5_0/psu_cortexr5_0/freertos_psu_cortexr5_0/bsp
03:57:26 INFO  : lopper command to build BSP :python /tools/Xilinx/Vitis/2024.1/data/embeddedsw/scripts/pyesw//build_bsp.py -d /home/kerngt/work/zynqmp/xli_v2024_1_wk/kr260_amp_uart_release/software_wk/ZynqMP-UART-AMP-KR260-Ubuntu/r5_firmware.vitis_unified_ide/pf_amp_uart_r5_0/psu_cortexr5_0/freertos_psu_cortexr5_0/bsp
03:57:26 INFO  : bash, -c, source /tools/Xilinx/Vitis/2024.1/tps/lnx64/lopper-1.1.0/env/bin/activate && python /tools/Xilinx/Vitis/2024.1/data/embeddedsw/scripts/pyesw//build_bsp.py -d /home/kerngt/work/zynqmp/xli_v2024_1_wk/kr260_amp_uart_release/software_wk/ZynqMP-UART-AMP-KR260-Ubuntu/r5_firmware.vitis_unified_ide/pf_amp_uart_r5_0/psu_cortexr5_0/freertos_psu_cortexr5_0/bsp && deactivate
03:57:28 INFO  : Domain build successfully
03:57:28 INFO  : Domain build successfully
03:57:28 INFO  : Generating Boot ELFs
03:57:28 INFO  : lopper command to retarget baremetal application :python /tools/Xilinx/Vitis/2024.1/data/embeddedsw/scripts/pyesw//retarget_app.py -s /home/kerngt/work/zynqmp/xli_v2024_1_wk/kr260_amp_uart_release/software_wk/ZynqMP-UART-AMP-KR260-Ubuntu/r5_firmware.vitis_unified_ide/pf_amp_uart_r5_0/zynqmp_fsbl -d /home/kerngt/work/zynqmp/xli_v2024_1_wk/kr260_amp_uart_release/software_wk/ZynqMP-UART-AMP-KR260-Ubuntu/r5_firmware.vitis_unified_ide/pf_amp_uart_r5_0/zynqmp_fsbl/zynqmp_fsbl_bsp -b /home/kerngt/work/zynqmp/xli_v2024_1_wk/kr260_amp_uart_release/software_wk/ZynqMP-UART-AMP-KR260-Ubuntu/r5_firmware.vitis_unified_ide/pf_amp_uart_r5_0/zynqmp_fsbl/build
03:57:28 INFO  : bash, -c, source /tools/Xilinx/Vitis/2024.1/tps/lnx64/lopper-1.1.0/env/bin/activate && python /tools/Xilinx/Vitis/2024.1/data/embeddedsw/scripts/pyesw//retarget_app.py -s /home/kerngt/work/zynqmp/xli_v2024_1_wk/kr260_amp_uart_release/software_wk/ZynqMP-UART-AMP-KR260-Ubuntu/r5_firmware.vitis_unified_ide/pf_amp_uart_r5_0/zynqmp_fsbl -d /home/kerngt/work/zynqmp/xli_v2024_1_wk/kr260_amp_uart_release/software_wk/ZynqMP-UART-AMP-KR260-Ubuntu/r5_firmware.vitis_unified_ide/pf_amp_uart_r5_0/zynqmp_fsbl/zynqmp_fsbl_bsp -b /home/kerngt/work/zynqmp/xli_v2024_1_wk/kr260_amp_uart_release/software_wk/ZynqMP-UART-AMP-KR260-Ubuntu/r5_firmware.vitis_unified_ide/pf_amp_uart_r5_0/zynqmp_fsbl/build && deactivate
03:57:29 INFO  : Successfully retargeted Application /home/kerngt/work/zynqmp/xli_v2024_1_wk/kr260_amp_uart_release/software_wk/ZynqMP-UART-AMP-KR260-Ubuntu/r5_firmware.vitis_unified_ide/pf_amp_uart_r5_0/zynqmp_fsbl
03:57:29 INFO  : lopper command to build baremetal application :python /tools/Xilinx/Vitis/2024.1/data/embeddedsw/scripts/pyesw//build_app.py -s /home/kerngt/work/zynqmp/xli_v2024_1_wk/kr260_amp_uart_release/software_wk/ZynqMP-UART-AMP-KR260-Ubuntu/r5_firmware.vitis_unified_ide/pf_amp_uart_r5_0/zynqmp_fsbl -b /home/kerngt/work/zynqmp/xli_v2024_1_wk/kr260_amp_uart_release/software_wk/ZynqMP-UART-AMP-KR260-Ubuntu/r5_firmware.vitis_unified_ide/pf_amp_uart_r5_0/zynqmp_fsbl/build
03:57:29 INFO  : bash, -c, source /tools/Xilinx/Vitis/2024.1/tps/lnx64/lopper-1.1.0/env/bin/activate && python /tools/Xilinx/Vitis/2024.1/data/embeddedsw/scripts/pyesw//build_app.py -s /home/kerngt/work/zynqmp/xli_v2024_1_wk/kr260_amp_uart_release/software_wk/ZynqMP-UART-AMP-KR260-Ubuntu/r5_firmware.vitis_unified_ide/pf_amp_uart_r5_0/zynqmp_fsbl -b /home/kerngt/work/zynqmp/xli_v2024_1_wk/kr260_amp_uart_release/software_wk/ZynqMP-UART-AMP-KR260-Ubuntu/r5_firmware.vitis_unified_ide/pf_amp_uart_r5_0/zynqmp_fsbl/build && deactivate
03:57:36 INFO  : Successfully building the baremetal application/home/kerngt/work/zynqmp/xli_v2024_1_wk/kr260_amp_uart_release/software_wk/ZynqMP-UART-AMP-KR260-Ubuntu/r5_firmware.vitis_unified_ide/pf_amp_uart_r5_0/zynqmp_fsbl/build
03:57:36 INFO  : Generating Export directory
03:57:36 INFO  : Platform Build Finished successfully.
03:57:49 INFO  : BSP build will be initiated for Domain zynqmp_fsbl
03:57:49 INFO  : Generating BSP for the domain /home/kerngt/work/zynqmp/xli_v2024_1_wk/kr260_amp_uart_release/software_wk/ZynqMP-UART-AMP-KR260-Ubuntu/r5_firmware.vitis_unified_ide/pf_amp_uart_r5_1/zynqmp_fsbl/zynqmp_fsbl_bsp
03:57:49 INFO  : lopper command to reconfigure BSP :python /tools/Xilinx/Vitis/2024.1/data/embeddedsw/scripts/pyesw//reconfig_bsp.py -d /home/kerngt/work/zynqmp/xli_v2024_1_wk/kr260_amp_uart_release/software_wk/ZynqMP-UART-AMP-KR260-Ubuntu/r5_firmware.vitis_unified_ide/pf_amp_uart_r5_1/zynqmp_fsbl/zynqmp_fsbl_bsp
03:57:49 INFO  : bash, -c, source /tools/Xilinx/Vitis/2024.1/tps/lnx64/lopper-1.1.0/env/bin/activate && python /tools/Xilinx/Vitis/2024.1/data/embeddedsw/scripts/pyesw//reconfig_bsp.py -d /home/kerngt/work/zynqmp/xli_v2024_1_wk/kr260_amp_uart_release/software_wk/ZynqMP-UART-AMP-KR260-Ubuntu/r5_firmware.vitis_unified_ide/pf_amp_uart_r5_1/zynqmp_fsbl/zynqmp_fsbl_bsp && deactivate
03:57:49 INFO  : BSP build will be initiated for Domain freertos_psu_cortexr5_1
03:57:49 INFO  : Generating BSP for the domain /home/kerngt/work/zynqmp/xli_v2024_1_wk/kr260_amp_uart_release/software_wk/ZynqMP-UART-AMP-KR260-Ubuntu/r5_firmware.vitis_unified_ide/pf_amp_uart_r5_1/psu_cortexr5_1/freertos_psu_cortexr5_1/bsp
03:57:49 INFO  : lopper command to reconfigure BSP :python /tools/Xilinx/Vitis/2024.1/data/embeddedsw/scripts/pyesw//reconfig_bsp.py -d /home/kerngt/work/zynqmp/xli_v2024_1_wk/kr260_amp_uart_release/software_wk/ZynqMP-UART-AMP-KR260-Ubuntu/r5_firmware.vitis_unified_ide/pf_amp_uart_r5_1/psu_cortexr5_1/freertos_psu_cortexr5_1/bsp
03:57:49 INFO  : bash, -c, source /tools/Xilinx/Vitis/2024.1/tps/lnx64/lopper-1.1.0/env/bin/activate && python /tools/Xilinx/Vitis/2024.1/data/embeddedsw/scripts/pyesw//reconfig_bsp.py -d /home/kerngt/work/zynqmp/xli_v2024_1_wk/kr260_amp_uart_release/software_wk/ZynqMP-UART-AMP-KR260-Ubuntu/r5_firmware.vitis_unified_ide/pf_amp_uart_r5_1/psu_cortexr5_1/freertos_psu_cortexr5_1/bsp && deactivate
03:57:50 INFO  : Domain reconfigured successfully
03:57:50 INFO  : Generating BSP for the domain /home/kerngt/work/zynqmp/xli_v2024_1_wk/kr260_amp_uart_release/software_wk/ZynqMP-UART-AMP-KR260-Ubuntu/r5_firmware.vitis_unified_ide/pf_amp_uart_r5_1/zynqmp_fsbl/zynqmp_fsbl_bsp
03:57:50 INFO  : lopper command to build BSP :python /tools/Xilinx/Vitis/2024.1/data/embeddedsw/scripts/pyesw//build_bsp.py -d /home/kerngt/work/zynqmp/xli_v2024_1_wk/kr260_amp_uart_release/software_wk/ZynqMP-UART-AMP-KR260-Ubuntu/r5_firmware.vitis_unified_ide/pf_amp_uart_r5_1/zynqmp_fsbl/zynqmp_fsbl_bsp
03:57:50 INFO  : bash, -c, source /tools/Xilinx/Vitis/2024.1/tps/lnx64/lopper-1.1.0/env/bin/activate && python /tools/Xilinx/Vitis/2024.1/data/embeddedsw/scripts/pyesw//build_bsp.py -d /home/kerngt/work/zynqmp/xli_v2024_1_wk/kr260_amp_uart_release/software_wk/ZynqMP-UART-AMP-KR260-Ubuntu/r5_firmware.vitis_unified_ide/pf_amp_uart_r5_1/zynqmp_fsbl/zynqmp_fsbl_bsp && deactivate
03:57:50 INFO  : Domain reconfigured successfully
03:57:50 INFO  : Generating BSP for the domain /home/kerngt/work/zynqmp/xli_v2024_1_wk/kr260_amp_uart_release/software_wk/ZynqMP-UART-AMP-KR260-Ubuntu/r5_firmware.vitis_unified_ide/pf_amp_uart_r5_1/psu_cortexr5_1/freertos_psu_cortexr5_1/bsp
03:57:50 INFO  : lopper command to build BSP :python /tools/Xilinx/Vitis/2024.1/data/embeddedsw/scripts/pyesw//build_bsp.py -d /home/kerngt/work/zynqmp/xli_v2024_1_wk/kr260_amp_uart_release/software_wk/ZynqMP-UART-AMP-KR260-Ubuntu/r5_firmware.vitis_unified_ide/pf_amp_uart_r5_1/psu_cortexr5_1/freertos_psu_cortexr5_1/bsp
03:57:50 INFO  : bash, -c, source /tools/Xilinx/Vitis/2024.1/tps/lnx64/lopper-1.1.0/env/bin/activate && python /tools/Xilinx/Vitis/2024.1/data/embeddedsw/scripts/pyesw//build_bsp.py -d /home/kerngt/work/zynqmp/xli_v2024_1_wk/kr260_amp_uart_release/software_wk/ZynqMP-UART-AMP-KR260-Ubuntu/r5_firmware.vitis_unified_ide/pf_amp_uart_r5_1/psu_cortexr5_1/freertos_psu_cortexr5_1/bsp && deactivate
03:57:52 INFO  : Domain build successfully
03:57:52 INFO  : Domain build successfully
03:57:52 INFO  : Generating Boot ELFs
03:57:52 INFO  : lopper command to retarget baremetal application :python /tools/Xilinx/Vitis/2024.1/data/embeddedsw/scripts/pyesw//retarget_app.py -s /home/kerngt/work/zynqmp/xli_v2024_1_wk/kr260_amp_uart_release/software_wk/ZynqMP-UART-AMP-KR260-Ubuntu/r5_firmware.vitis_unified_ide/pf_amp_uart_r5_1/zynqmp_fsbl -d /home/kerngt/work/zynqmp/xli_v2024_1_wk/kr260_amp_uart_release/software_wk/ZynqMP-UART-AMP-KR260-Ubuntu/r5_firmware.vitis_unified_ide/pf_amp_uart_r5_1/zynqmp_fsbl/zynqmp_fsbl_bsp -b /home/kerngt/work/zynqmp/xli_v2024_1_wk/kr260_amp_uart_release/software_wk/ZynqMP-UART-AMP-KR260-Ubuntu/r5_firmware.vitis_unified_ide/pf_amp_uart_r5_1/zynqmp_fsbl/build
03:57:52 INFO  : bash, -c, source /tools/Xilinx/Vitis/2024.1/tps/lnx64/lopper-1.1.0/env/bin/activate && python /tools/Xilinx/Vitis/2024.1/data/embeddedsw/scripts/pyesw//retarget_app.py -s /home/kerngt/work/zynqmp/xli_v2024_1_wk/kr260_amp_uart_release/software_wk/ZynqMP-UART-AMP-KR260-Ubuntu/r5_firmware.vitis_unified_ide/pf_amp_uart_r5_1/zynqmp_fsbl -d /home/kerngt/work/zynqmp/xli_v2024_1_wk/kr260_amp_uart_release/software_wk/ZynqMP-UART-AMP-KR260-Ubuntu/r5_firmware.vitis_unified_ide/pf_amp_uart_r5_1/zynqmp_fsbl/zynqmp_fsbl_bsp -b /home/kerngt/work/zynqmp/xli_v2024_1_wk/kr260_amp_uart_release/software_wk/ZynqMP-UART-AMP-KR260-Ubuntu/r5_firmware.vitis_unified_ide/pf_amp_uart_r5_1/zynqmp_fsbl/build && deactivate
03:57:53 INFO  : Successfully retargeted Application /home/kerngt/work/zynqmp/xli_v2024_1_wk/kr260_amp_uart_release/software_wk/ZynqMP-UART-AMP-KR260-Ubuntu/r5_firmware.vitis_unified_ide/pf_amp_uart_r5_1/zynqmp_fsbl
03:57:53 INFO  : lopper command to build baremetal application :python /tools/Xilinx/Vitis/2024.1/data/embeddedsw/scripts/pyesw//build_app.py -s /home/kerngt/work/zynqmp/xli_v2024_1_wk/kr260_amp_uart_release/software_wk/ZynqMP-UART-AMP-KR260-Ubuntu/r5_firmware.vitis_unified_ide/pf_amp_uart_r5_1/zynqmp_fsbl -b /home/kerngt/work/zynqmp/xli_v2024_1_wk/kr260_amp_uart_release/software_wk/ZynqMP-UART-AMP-KR260-Ubuntu/r5_firmware.vitis_unified_ide/pf_amp_uart_r5_1/zynqmp_fsbl/build
03:57:53 INFO  : bash, -c, source /tools/Xilinx/Vitis/2024.1/tps/lnx64/lopper-1.1.0/env/bin/activate && python /tools/Xilinx/Vitis/2024.1/data/embeddedsw/scripts/pyesw//build_app.py -s /home/kerngt/work/zynqmp/xli_v2024_1_wk/kr260_amp_uart_release/software_wk/ZynqMP-UART-AMP-KR260-Ubuntu/r5_firmware.vitis_unified_ide/pf_amp_uart_r5_1/zynqmp_fsbl -b /home/kerngt/work/zynqmp/xli_v2024_1_wk/kr260_amp_uart_release/software_wk/ZynqMP-UART-AMP-KR260-Ubuntu/r5_firmware.vitis_unified_ide/pf_amp_uart_r5_1/zynqmp_fsbl/build && deactivate
03:58:00 INFO  : Successfully building the baremetal application/home/kerngt/work/zynqmp/xli_v2024_1_wk/kr260_amp_uart_release/software_wk/ZynqMP-UART-AMP-KR260-Ubuntu/r5_firmware.vitis_unified_ide/pf_amp_uart_r5_1/zynqmp_fsbl/build
03:58:00 INFO  : Generating Export directory
03:58:00 INFO  : Platform Build Finished successfully.
03:58:09 INFO  : Found no platform with name 'pf_amp_uart_r5_0' in install repositories
03:58:13 INFO  : Found no platform with name 'pf_amp_uart_r5_0' in install repositories
03:58:13 INFO  : Found no platform with name 'pf_amp_uart_r5_0' in install repositories
03:58:13 INFO  : Found no platform with name 'pf_amp_uart_r5_0' in install repositories
03:58:16 INFO  : Found no platform with name 'pf_amp_uart_r5_0' in install repositories
03:58:16 INFO  : lopper command to retarget baremetal application :python /tools/Xilinx/Vitis/2024.1/data/embeddedsw/scripts/pyesw//retarget_app.py -s /home/kerngt/work/zynqmp/xli_v2024_1_wk/kr260_amp_uart_release/software_wk/ZynqMP-UART-AMP-KR260-Ubuntu/r5_firmware.vitis_unified_ide/app_echo_uart_r5_0/src -d /home/kerngt/work/zynqmp/xli_v2024_1_wk/kr260_amp_uart_release/software_wk/kr260_amp_uart.vitis/pf_amp_uart_r5_0/export/pf_amp_uart_r5_0/sw/freertos_psu_cortexr5_0 -b /home/kerngt/work/zynqmp/xli_v2024_1_wk/kr260_amp_uart_release/software_wk/ZynqMP-UART-AMP-KR260-Ubuntu/r5_firmware.vitis_unified_ide/app_echo_uart_r5_0/build
03:58:16 INFO  : bash, -c, source /tools/Xilinx/Vitis/2024.1/tps/lnx64/lopper-1.1.0/env/bin/activate && python /tools/Xilinx/Vitis/2024.1/data/embeddedsw/scripts/pyesw//retarget_app.py -s /home/kerngt/work/zynqmp/xli_v2024_1_wk/kr260_amp_uart_release/software_wk/ZynqMP-UART-AMP-KR260-Ubuntu/r5_firmware.vitis_unified_ide/app_echo_uart_r5_0/src -d /home/kerngt/work/zynqmp/xli_v2024_1_wk/kr260_amp_uart_release/software_wk/kr260_amp_uart.vitis/pf_amp_uart_r5_0/export/pf_amp_uart_r5_0/sw/freertos_psu_cortexr5_0 -b /home/kerngt/work/zynqmp/xli_v2024_1_wk/kr260_amp_uart_release/software_wk/ZynqMP-UART-AMP-KR260-Ubuntu/r5_firmware.vitis_unified_ide/app_echo_uart_r5_0/build && deactivate
03:58:16 INFO  : Found no platform with name 'pf_amp_uart_r5_0' in install repositories
03:58:16 INFO  : Found no platform with name 'pf_amp_uart_r5_0' in install repositories
03:58:17 INFO  : Successfully retargeted Application /home/kerngt/work/zynqmp/xli_v2024_1_wk/kr260_amp_uart_release/software_wk/ZynqMP-UART-AMP-KR260-Ubuntu/r5_firmware.vitis_unified_ide/app_echo_uart_r5_0/src
03:58:17 INFO  : Found no platform with name 'pf_amp_uart_r5_0' in install repositories
03:58:17 INFO  : Found no platform with name 'pf_amp_uart_r5_0' in install repositories
03:58:17 INFO  : bash, -c, source /tools/Xilinx/Vitis/2024.1/tps/lnx64/lopper-1.1.0/env/bin/activate && python /tools/Xilinx/Vitis/2024.1/data/embeddedsw/scripts/pyesw//build_app.py -s /home/kerngt/work/zynqmp/xli_v2024_1_wk/kr260_amp_uart_release/software_wk/ZynqMP-UART-AMP-KR260-Ubuntu/r5_firmware.vitis_unified_ide/app_echo_uart_r5_0/src -b /home/kerngt/work/zynqmp/xli_v2024_1_wk/kr260_amp_uart_release/software_wk/ZynqMP-UART-AMP-KR260-Ubuntu/r5_firmware.vitis_unified_ide/app_echo_uart_r5_0/build && deactivate
03:58:19 INFO  : Found no platform with name 'pf_amp_uart_r5_0' in install repositories
03:58:19 INFO  : Found no platform with name 'pf_amp_uart_r5_0' in install repositories
03:58:22 INFO  : Found no platform with name 'pf_amp_uart_r5_0' in install repositories
03:58:58 INFO  : Found no platform with name 'pf_amp_uart_r5_0' in install repositories
03:58:59 INFO  : connect -url tcp:127.0.0.1:3121
03:58:59 INFO  : Found no platform with name 'pf_amp_uart_r5_0' in install repositories
03:58:59 INFO  : Found no platform with name 'pf_amp_uart_r5_0' in install repositories
03:58:59 INFO  : Found no platform with name 'pf_amp_uart_r5_0' in install repositories
03:58:59 INFO  : bpremove -all
03:58:59 INFO  : source /tools/Xilinx/Vitis/2024.1/scripts/vitis/util/zynqmp_utils.tcl
03:58:59 INFO  : Context for 'APU' is selected.
03:58:59 INFO  : System reset is completed.
03:59:02 INFO  : 'after 3000' command is executed.
03:59:03 INFO  : targets -set -nocase -filter {name =~"RPU*"}
03:59:03 INFO  : enable_split_mode
03:59:03 INFO  : 'targets -set -filter {jtag_cable_name =~ "Xilinx SCK-KR XFL1VS21SNELA" && level==0 && jtag_device_ctx=="jsn-SCK-KR-XFL1VS21SNELA-04724093-0"}' command is executed.
03:59:07 INFO  : Device configured successfully with "/home/kerngt/work/zynqmp/xli_v2024_1_wk/kr260_amp_uart_release/software_wk/ZynqMP-UART-AMP-KR260-Ubuntu/r5_firmware.vitis_unified_ide/app_echo_uart_r5_0/_ide/bitstream/design_1_wrapper.bit"
03:59:07 INFO  : targets -set -nocase -filter {name =~"PSU*"}
03:59:07 INFO  : catch {disable_pmu_gate}
03:59:07 INFO  : targets -set -nocase -filter {name =~"APU*"}
03:59:24 INFO  : loadhw -hw /home/kerngt/work/zynqmp/xli_v2024_1_wk/kr260_amp_uart_release/software_wk/kr260_amp_uart.vitis/pf_amp_uart_r5_0/export/pf_amp_uart_r5_0/hw/design_1_wrapper.xsa -mem-ranges [list {0x80000000 0xbfffffff} {0x400000000 0x5ffffffff} {0x1000000000 0x7fffffffff}]
03:59:24 INFO  : configparams force-mem-access 1
03:59:24 INFO  : targets -set -nocase -filter {name =~"APU*"}
03:59:24 INFO  : Boot mode is read from the target.
03:59:24 INFO  : targets -set -nocase -filter {name =~ "*A53*#0"}
03:59:24 INFO  : rst -processor
03:59:25 INFO  : dow /home/kerngt/work/zynqmp/xli_v2024_1_wk/kr260_amp_uart_release/software_wk/ZynqMP-UART-AMP-KR260-Ubuntu/r5_firmware.vitis_unified_ide/pf_amp_uart_r5_0/export/pf_amp_uart_r5_0/sw/boot/fsbl.elf
03:59:25 INFO  : set bp_59_25_fsbl_bp [bpadd -addr &XFsbl_Exit]
03:59:26 INFO  : con -block -timeout 60
03:59:26 INFO  : bpremove $bp_59_25_fsbl_bp
03:59:26 INFO  : targets -set -nocase -filter {name =~ "*R5*#0"}
03:59:26 INFO  : rst -processor
03:59:26 INFO  : dow /home/kerngt/work/zynqmp/xli_v2024_1_wk/kr260_amp_uart_release/software_wk/ZynqMP-UART-AMP-KR260-Ubuntu/r5_firmware.vitis_unified_ide/app_echo_uart_r5_0/build/app_echo_uart_r5_0.elf
03:59:26 INFO  : bpadd main
03:59:26 INFO  : con
03:59:26 INFO  : configparams force-mem-access 0
03:59:27 INFO  : Testing the connection for 127.0.0.1
04:00:18 INFO  : disconnect
04:02:03 INFO  : connect -url tcp:127.0.0.1:3121
04:02:03 INFO  : Found no platform with name 'pf_amp_uart_r5_0' in install repositories
04:02:03 INFO  : Found no platform with name 'pf_amp_uart_r5_0' in install repositories
04:02:03 INFO  : Found no platform with name 'pf_amp_uart_r5_0' in install repositories
04:02:03 INFO  : bpremove -all
04:02:03 INFO  : source /tools/Xilinx/Vitis/2024.1/scripts/vitis/util/zynqmp_utils.tcl
04:02:03 INFO  : Context for 'APU' is selected.
04:02:03 INFO  : System reset is completed.
04:02:06 INFO  : 'after 3000' command is executed.
04:02:06 INFO  : targets -set -nocase -filter {name =~"RPU*"}
04:02:06 INFO  : enable_split_mode
04:02:07 INFO  : 'targets -set -filter {jtag_cable_name =~ "Xilinx SCK-KR XFL1VS21SNELA" && level==0 && jtag_device_ctx=="jsn-SCK-KR-XFL1VS21SNELA-04724093-0"}' command is executed.
04:02:11 INFO  : Device configured successfully with "/home/kerngt/work/zynqmp/xli_v2024_1_wk/kr260_amp_uart_release/software_wk/ZynqMP-UART-AMP-KR260-Ubuntu/r5_firmware.vitis_unified_ide/app_echo_uart_r5_0/_ide/bitstream/design_1_wrapper.bit"
04:02:11 INFO  : targets -set -nocase -filter {name =~"PSU*"}
04:02:11 INFO  : catch {disable_pmu_gate}
04:02:11 INFO  : targets -set -nocase -filter {name =~"APU*"}
04:02:27 INFO  : loadhw -hw /home/kerngt/work/zynqmp/xli_v2024_1_wk/kr260_amp_uart_release/software_wk/kr260_amp_uart.vitis/pf_amp_uart_r5_0/export/pf_amp_uart_r5_0/hw/design_1_wrapper.xsa -mem-ranges [list {0x80000000 0xbfffffff} {0x400000000 0x5ffffffff} {0x1000000000 0x7fffffffff}]
04:02:27 INFO  : configparams force-mem-access 1
04:02:27 INFO  : targets -set -nocase -filter {name =~"APU*"}
04:02:27 INFO  : Boot mode is read from the target.
04:02:27 INFO  : targets -set -nocase -filter {name =~ "*A53*#0"}
04:02:27 INFO  : rst -processor
04:02:28 INFO  : dow /home/kerngt/work/zynqmp/xli_v2024_1_wk/kr260_amp_uart_release/software_wk/ZynqMP-UART-AMP-KR260-Ubuntu/r5_firmware.vitis_unified_ide/pf_amp_uart_r5_0/export/pf_amp_uart_r5_0/sw/boot/fsbl.elf
04:02:28 INFO  : set bp_2_28_fsbl_bp [bpadd -addr &XFsbl_Exit]
04:02:29 INFO  : con -block -timeout 60
04:02:29 INFO  : bpremove $bp_2_28_fsbl_bp
04:02:29 INFO  : targets -set -nocase -filter {name =~ "*R5*#0"}
04:02:29 INFO  : rst -processor
04:02:29 INFO  : dow /home/kerngt/work/zynqmp/xli_v2024_1_wk/kr260_amp_uart_release/software_wk/ZynqMP-UART-AMP-KR260-Ubuntu/r5_firmware.vitis_unified_ide/app_echo_uart_r5_0/build/app_echo_uart_r5_0.elf
04:02:29 INFO  : bpadd main
04:02:29 INFO  : con
04:02:29 INFO  : configparams force-mem-access 0
04:02:31 INFO  : Testing the connection for 127.0.0.1
04:03:14 INFO  : disconnect
04:03:21 INFO  : Found no platform with name 'pf_amp_uart_r5_1' in install repositories
04:03:28 INFO  : Found no platform with name 'pf_amp_uart_r5_1' in install repositories
04:03:29 INFO  : connect -url tcp:127.0.0.1:3121
04:03:29 INFO  : Found no platform with name 'pf_amp_uart_r5_1' in install repositories
04:03:29 INFO  : Found no platform with name 'pf_amp_uart_r5_1' in install repositories
04:03:29 INFO  : Found no platform with name 'pf_amp_uart_r5_1' in install repositories
04:03:29 INFO  : bpremove -all
04:03:29 INFO  : source /tools/Xilinx/Vitis/2024.1/scripts/vitis/util/zynqmp_utils.tcl
04:03:29 INFO  : Context for 'APU' is selected.
04:03:29 INFO  : System reset is completed.
04:03:32 INFO  : 'after 3000' command is executed.
04:03:32 INFO  : targets -set -nocase -filter {name =~"RPU*"}
04:03:32 INFO  : enable_split_mode
04:03:33 INFO  : 'targets -set -filter {jtag_cable_name =~ "Xilinx SCK-KR XFL1VS21SNELA" && level==0 && jtag_device_ctx=="jsn-SCK-KR-XFL1VS21SNELA-04724093-0"}' command is executed.
04:03:37 INFO  : Device configured successfully with "/home/kerngt/work/zynqmp/xli_v2024_1_wk/kr260_amp_uart_release/software_wk/ZynqMP-UART-AMP-KR260-Ubuntu/r5_firmware.vitis_unified_ide/app_echo_uart_r5_1/_ide/bitstream/design_1_wrapper.bit"
04:03:37 INFO  : targets -set -nocase -filter {name =~"PSU*"}
04:03:37 INFO  : catch {disable_pmu_gate}
04:03:37 INFO  : targets -set -nocase -filter {name =~"APU*"}
04:03:53 INFO  : loadhw -hw /home/kerngt/work/zynqmp/xli_v2024_1_wk/kr260_amp_uart_release/software_wk/kr260_amp_uart.vitis/pf_amp_uart_r5_1/export/pf_amp_uart_r5_1/hw/design_1_wrapper.xsa -mem-ranges [list {0x80000000 0xbfffffff} {0x400000000 0x5ffffffff} {0x1000000000 0x7fffffffff}]
04:03:53 INFO  : configparams force-mem-access 1
04:03:53 INFO  : targets -set -nocase -filter {name =~"APU*"}
04:03:53 INFO  : Boot mode is read from the target.
04:03:53 INFO  : targets -set -nocase -filter {name =~ "*A53*#0"}
04:03:53 INFO  : rst -processor
04:03:54 INFO  : dow /home/kerngt/work/zynqmp/xli_v2024_1_wk/kr260_amp_uart_release/software_wk/ZynqMP-UART-AMP-KR260-Ubuntu/r5_firmware.vitis_unified_ide/pf_amp_uart_r5_1/export/pf_amp_uart_r5_1/sw/boot/fsbl.elf
04:03:54 INFO  : set bp_3_54_fsbl_bp [bpadd -addr &XFsbl_Exit]
04:03:55 INFO  : con -block -timeout 60
04:03:55 INFO  : bpremove $bp_3_54_fsbl_bp
04:03:55 INFO  : targets -set -nocase -filter {name =~ "*R5*#1"}
04:03:55 INFO  : rst -processor
04:03:56 INFO  : dow /home/kerngt/work/zynqmp/xli_v2024_1_wk/kr260_amp_uart_release/software_wk/ZynqMP-UART-AMP-KR260-Ubuntu/r5_firmware.vitis_unified_ide/app_echo_uart_r5_1/build/app_echo_uart_r5_1.elf
04:03:56 INFO  : bpadd main
04:03:56 INFO  : con
04:03:56 INFO  : configparams force-mem-access 0
04:03:57 INFO  : Testing the connection for 127.0.0.1
04:04:25 INFO  : disconnect
04:04:33 INFO  : Found no platform with name 'pf_amp_uart_r5_0' in install repositories
04:04:35 INFO  : Found no platform with name 'pf_amp_uart_r5_0' in install repositories
04:04:35 INFO  : Found no platform with name 'pf_amp_uart_r5_0' in install repositories
04:04:35 INFO  : Found no platform with name 'pf_amp_uart_r5_0' in install repositories
04:04:38 INFO  : Found no platform with name 'pf_amp_uart_r5_1' in install repositories
04:04:39 INFO  : Found no platform with name 'pf_amp_uart_r5_1' in install repositories
04:04:39 INFO  : Found no platform with name 'pf_amp_uart_r5_1' in install repositories
04:04:39 INFO  : Found no platform with name 'pf_amp_uart_r5_1' in install repositories
04:04:44 INFO  : clean Platform executed successfully for pf_amp_uart_r5_0
04:04:48 INFO  : clean Platform executed successfully for pf_amp_uart_r5_1
04:06:26 INFO  : BSP build will be initiated for Domain zynqmp_fsbl
04:06:26 INFO  : Generating BSP for the domain /home/kerngt/work/zynqmp/xli_v2024_1_wk/kr260_amp_uart_release/software_wk/ZynqMP-UART-AMP-KR260-Ubuntu/r5_firmware.vitis_unified_ide/pf_amp_uart_r5_1/zynqmp_fsbl/zynqmp_fsbl_bsp
04:06:26 INFO  : BSP build will be initiated for Domain freertos_psu_cortexr5_1
04:06:26 INFO  : lopper command to reconfigure BSP :python /tools/Xilinx/Vitis/2024.1/data/embeddedsw/scripts/pyesw//reconfig_bsp.py -d /home/kerngt/work/zynqmp/xli_v2024_1_wk/kr260_amp_uart_release/software_wk/ZynqMP-UART-AMP-KR260-Ubuntu/r5_firmware.vitis_unified_ide/pf_amp_uart_r5_1/zynqmp_fsbl/zynqmp_fsbl_bsp
04:06:26 INFO  : Generating BSP for the domain /home/kerngt/work/zynqmp/xli_v2024_1_wk/kr260_amp_uart_release/software_wk/ZynqMP-UART-AMP-KR260-Ubuntu/r5_firmware.vitis_unified_ide/pf_amp_uart_r5_1/psu_cortexr5_1/freertos_psu_cortexr5_1/bsp
04:06:26 INFO  : bash, -c, source /tools/Xilinx/Vitis/2024.1/tps/lnx64/lopper-1.1.0/env/bin/activate && python /tools/Xilinx/Vitis/2024.1/data/embeddedsw/scripts/pyesw//reconfig_bsp.py -d /home/kerngt/work/zynqmp/xli_v2024_1_wk/kr260_amp_uart_release/software_wk/ZynqMP-UART-AMP-KR260-Ubuntu/r5_firmware.vitis_unified_ide/pf_amp_uart_r5_1/zynqmp_fsbl/zynqmp_fsbl_bsp && deactivate
04:06:26 INFO  : lopper command to reconfigure BSP :python /tools/Xilinx/Vitis/2024.1/data/embeddedsw/scripts/pyesw//reconfig_bsp.py -d /home/kerngt/work/zynqmp/xli_v2024_1_wk/kr260_amp_uart_release/software_wk/ZynqMP-UART-AMP-KR260-Ubuntu/r5_firmware.vitis_unified_ide/pf_amp_uart_r5_1/psu_cortexr5_1/freertos_psu_cortexr5_1/bsp
04:06:26 INFO  : bash, -c, source /tools/Xilinx/Vitis/2024.1/tps/lnx64/lopper-1.1.0/env/bin/activate && python /tools/Xilinx/Vitis/2024.1/data/embeddedsw/scripts/pyesw//reconfig_bsp.py -d /home/kerngt/work/zynqmp/xli_v2024_1_wk/kr260_amp_uart_release/software_wk/ZynqMP-UART-AMP-KR260-Ubuntu/r5_firmware.vitis_unified_ide/pf_amp_uart_r5_1/psu_cortexr5_1/freertos_psu_cortexr5_1/bsp && deactivate
04:06:27 INFO  : Domain reconfigured successfully
04:06:27 INFO  : Generating BSP for the domain /home/kerngt/work/zynqmp/xli_v2024_1_wk/kr260_amp_uart_release/software_wk/ZynqMP-UART-AMP-KR260-Ubuntu/r5_firmware.vitis_unified_ide/pf_amp_uart_r5_1/zynqmp_fsbl/zynqmp_fsbl_bsp
04:06:27 INFO  : lopper command to build BSP :python /tools/Xilinx/Vitis/2024.1/data/embeddedsw/scripts/pyesw//build_bsp.py -d /home/kerngt/work/zynqmp/xli_v2024_1_wk/kr260_amp_uart_release/software_wk/ZynqMP-UART-AMP-KR260-Ubuntu/r5_firmware.vitis_unified_ide/pf_amp_uart_r5_1/zynqmp_fsbl/zynqmp_fsbl_bsp
04:06:27 INFO  : bash, -c, source /tools/Xilinx/Vitis/2024.1/tps/lnx64/lopper-1.1.0/env/bin/activate && python /tools/Xilinx/Vitis/2024.1/data/embeddedsw/scripts/pyesw//build_bsp.py -d /home/kerngt/work/zynqmp/xli_v2024_1_wk/kr260_amp_uart_release/software_wk/ZynqMP-UART-AMP-KR260-Ubuntu/r5_firmware.vitis_unified_ide/pf_amp_uart_r5_1/zynqmp_fsbl/zynqmp_fsbl_bsp && deactivate
04:06:27 INFO  : Domain reconfigured successfully
04:06:27 INFO  : Generating BSP for the domain /home/kerngt/work/zynqmp/xli_v2024_1_wk/kr260_amp_uart_release/software_wk/ZynqMP-UART-AMP-KR260-Ubuntu/r5_firmware.vitis_unified_ide/pf_amp_uart_r5_1/psu_cortexr5_1/freertos_psu_cortexr5_1/bsp
04:06:27 INFO  : lopper command to build BSP :python /tools/Xilinx/Vitis/2024.1/data/embeddedsw/scripts/pyesw//build_bsp.py -d /home/kerngt/work/zynqmp/xli_v2024_1_wk/kr260_amp_uart_release/software_wk/ZynqMP-UART-AMP-KR260-Ubuntu/r5_firmware.vitis_unified_ide/pf_amp_uart_r5_1/psu_cortexr5_1/freertos_psu_cortexr5_1/bsp
04:06:27 INFO  : bash, -c, source /tools/Xilinx/Vitis/2024.1/tps/lnx64/lopper-1.1.0/env/bin/activate && python /tools/Xilinx/Vitis/2024.1/data/embeddedsw/scripts/pyesw//build_bsp.py -d /home/kerngt/work/zynqmp/xli_v2024_1_wk/kr260_amp_uart_release/software_wk/ZynqMP-UART-AMP-KR260-Ubuntu/r5_firmware.vitis_unified_ide/pf_amp_uart_r5_1/psu_cortexr5_1/freertos_psu_cortexr5_1/bsp && deactivate
04:06:29 INFO  : Domain build successfully
04:06:29 INFO  : Domain build successfully
04:06:29 INFO  : Generating Boot ELFs
04:06:29 INFO  : lopper command to retarget baremetal application :python /tools/Xilinx/Vitis/2024.1/data/embeddedsw/scripts/pyesw//retarget_app.py -s /home/kerngt/work/zynqmp/xli_v2024_1_wk/kr260_amp_uart_release/software_wk/ZynqMP-UART-AMP-KR260-Ubuntu/r5_firmware.vitis_unified_ide/pf_amp_uart_r5_1/zynqmp_fsbl -d /home/kerngt/work/zynqmp/xli_v2024_1_wk/kr260_amp_uart_release/software_wk/ZynqMP-UART-AMP-KR260-Ubuntu/r5_firmware.vitis_unified_ide/pf_amp_uart_r5_1/zynqmp_fsbl/zynqmp_fsbl_bsp -b /home/kerngt/work/zynqmp/xli_v2024_1_wk/kr260_amp_uart_release/software_wk/ZynqMP-UART-AMP-KR260-Ubuntu/r5_firmware.vitis_unified_ide/pf_amp_uart_r5_1/zynqmp_fsbl/build
04:06:29 INFO  : bash, -c, source /tools/Xilinx/Vitis/2024.1/tps/lnx64/lopper-1.1.0/env/bin/activate && python /tools/Xilinx/Vitis/2024.1/data/embeddedsw/scripts/pyesw//retarget_app.py -s /home/kerngt/work/zynqmp/xli_v2024_1_wk/kr260_amp_uart_release/software_wk/ZynqMP-UART-AMP-KR260-Ubuntu/r5_firmware.vitis_unified_ide/pf_amp_uart_r5_1/zynqmp_fsbl -d /home/kerngt/work/zynqmp/xli_v2024_1_wk/kr260_amp_uart_release/software_wk/ZynqMP-UART-AMP-KR260-Ubuntu/r5_firmware.vitis_unified_ide/pf_amp_uart_r5_1/zynqmp_fsbl/zynqmp_fsbl_bsp -b /home/kerngt/work/zynqmp/xli_v2024_1_wk/kr260_amp_uart_release/software_wk/ZynqMP-UART-AMP-KR260-Ubuntu/r5_firmware.vitis_unified_ide/pf_amp_uart_r5_1/zynqmp_fsbl/build && deactivate
04:06:30 INFO  : Successfully retargeted Application /home/kerngt/work/zynqmp/xli_v2024_1_wk/kr260_amp_uart_release/software_wk/ZynqMP-UART-AMP-KR260-Ubuntu/r5_firmware.vitis_unified_ide/pf_amp_uart_r5_1/zynqmp_fsbl
04:06:30 INFO  : lopper command to build baremetal application :python /tools/Xilinx/Vitis/2024.1/data/embeddedsw/scripts/pyesw//build_app.py -s /home/kerngt/work/zynqmp/xli_v2024_1_wk/kr260_amp_uart_release/software_wk/ZynqMP-UART-AMP-KR260-Ubuntu/r5_firmware.vitis_unified_ide/pf_amp_uart_r5_1/zynqmp_fsbl -b /home/kerngt/work/zynqmp/xli_v2024_1_wk/kr260_amp_uart_release/software_wk/ZynqMP-UART-AMP-KR260-Ubuntu/r5_firmware.vitis_unified_ide/pf_amp_uart_r5_1/zynqmp_fsbl/build
04:06:30 INFO  : bash, -c, source /tools/Xilinx/Vitis/2024.1/tps/lnx64/lopper-1.1.0/env/bin/activate && python /tools/Xilinx/Vitis/2024.1/data/embeddedsw/scripts/pyesw//build_app.py -s /home/kerngt/work/zynqmp/xli_v2024_1_wk/kr260_amp_uart_release/software_wk/ZynqMP-UART-AMP-KR260-Ubuntu/r5_firmware.vitis_unified_ide/pf_amp_uart_r5_1/zynqmp_fsbl -b /home/kerngt/work/zynqmp/xli_v2024_1_wk/kr260_amp_uart_release/software_wk/ZynqMP-UART-AMP-KR260-Ubuntu/r5_firmware.vitis_unified_ide/pf_amp_uart_r5_1/zynqmp_fsbl/build && deactivate
04:06:37 INFO  : Successfully building the baremetal application/home/kerngt/work/zynqmp/xli_v2024_1_wk/kr260_amp_uart_release/software_wk/ZynqMP-UART-AMP-KR260-Ubuntu/r5_firmware.vitis_unified_ide/pf_amp_uart_r5_1/zynqmp_fsbl/build
04:06:37 INFO  : Generating Export directory
04:06:37 INFO  : Platform Build Finished successfully.
04:06:42 INFO  : clean Platform executed successfully for pf_amp_uart_r5_1
04:06:45 INFO  : Found no platform with name 'pf_amp_uart_r5_1' in install repositories
04:06:48 INFO  : Found no platform with name 'pf_amp_uart_r5_1' in install repositories
04:08:50 INFO  : Terminating Vitis C++ Server
04:08:50 INFO  : Vitis C++ Server terminated
